<?xml version="1.0" encoding="UTF-8"?>
<!-- Generated by org.testng.reporters.JUnitXMLReporter -->
<testsuite ignored="0" hostname="LAPTOP-VNBA3OG5" failures="0" tests="3" name="Default test" time="0.11" errors="0" timestamp="2021-10-18T10:06:46 CDT">
  <testcase classname="CountOccuranceOfEachWord.CountOccOfEachWord" name="test1" time="0.019"/>
  <testcase classname="CountOccuranceOfEachWord.CountOccOfEachWord" name="test2" time="0.003"/>
  <testcase classname="CountOccuranceOfEachWord.CountOccOfEachWord" name="test3" time="0.003"/>
</testsuite> <!-- Default test -->
