<?xml version="1.0" encoding="UTF-8"?>
<testng-results ignored="0" total="3" passed="3" failed="0" skipped="0">
  <reporter-output>
  </reporter-output>
  <suite started-at="2021-10-18T10:06:46 CDT" name="Default suite" finished-at="2021-10-18T10:06:46 CDT" duration-ms="110">
    <groups>
    </groups>
    <test started-at="2021-10-18T10:06:46 CDT" name="Default test" finished-at="2021-10-18T10:06:46 CDT" duration-ms="110">
      <class name="CountOccuranceOfEachWord.CountOccOfEachWord">
        <test-method signature="test1()[pri:0, instance:CountOccuranceOfEachWord.CountOccOfEachWord@197d671]" started-at="2021-10-18T10:06:46 CDT" name="test1" finished-at="2021-10-18T10:06:46 CDT" duration-ms="19" status="PASS">
          <reporter-output>
          </reporter-output>
        </test-method> <!-- test1 -->
        <test-method signature="test2()[pri:0, instance:CountOccuranceOfEachWord.CountOccOfEachWord@197d671]" started-at="2021-10-18T10:06:46 CDT" name="test2" finished-at="2021-10-18T10:06:46 CDT" duration-ms="3" status="PASS">
          <reporter-output>
          </reporter-output>
        </test-method> <!-- test2 -->
        <test-method signature="test3()[pri:0, instance:CountOccuranceOfEachWord.CountOccOfEachWord@197d671]" started-at="2021-10-18T10:06:46 CDT" name="test3" finished-at="2021-10-18T10:06:46 CDT" duration-ms="3" status="PASS">
          <reporter-output>
          </reporter-output>
        </test-method> <!-- test3 -->
      </class> <!-- CountOccuranceOfEachWord.CountOccOfEachWord -->
    </test> <!-- Default test -->
  </suite> <!-- Default suite -->
</testng-results>
